<?xml version="1.0" encoding="UTF-8"?>
<testsuite name="physics2d.CollisionDetectorTests" tests="3" skipped="0" failures="0" errors="0" timestamp="2020-10-18T01:28:13" hostname="Ronalds-MacBook-Pro.local" time="0.006">
  <properties/>
  <testcase name="pointOnLineShouldReturnTrueTestThree" classname="physics2d.CollisionDetectorTests" time="0.005"/>
  <testcase name="pointOnLineShouldReturnTrueTestTwo" classname="physics2d.CollisionDetectorTests" time="0.001"/>
  <testcase name="pointOnLineShouldReturnTrueTest" classname="physics2d.CollisionDetectorTests" time="0.0"/>
  <system-out><![CDATA[]]></system-out>
  <system-err><![CDATA[]]></system-err>
</testsuite>
